#-----------------------------------------------------------
# Vivado v2018.1 (64-bit)
# SW Build 2188600 on Wed Apr  4 18:40:38 MDT 2018
# IP Build 2185939 on Wed Apr  4 20:55:05 MDT 2018
# Start of session at: Sun Apr 22 17:57:06 2018
# Process ID: 23536
# Current directory: C:/devspace/school/Micronaut/jw_display_code
# Command line: vivado.exe -gui_launcher_event rodinguilauncherevent24936 C:\devspace\school\Micronaut\jw_display_code\zedboard.xpr
# Log file: C:/devspace/school/Micronaut/jw_display_code/vivado.log
# Journal file: C:/devspace/school/Micronaut/jw_display_code\vivado.jou
#-----------------------------------------------------------
start_gui
open_project C:/devspace/school/Micronaut/jw_display_code/zedboard.xpr
INFO: [Project 1-313] Project file moved from 'C:/devspace/school/ec551/project/zedboard' since last save.
Scanning sources...
Finished scanning sources
INFO: [IP_Flow 19-234] Refreshing IP repositories
INFO: [IP_Flow 19-1704] No user IP repositories specified
INFO: [IP_Flow 19-2313] Loaded Vivado IP repository 'C:/Xilinx/Vivado/2018.1/data/ip'.
open_project: Time (s): cpu = 00:00:11 ; elapsed = 00:00:07 . Memory (MB): peak = 887.402 ; gain = 167.266
update_compile_order -fileset sources_1
reset_run synth_1
launch_runs impl_1 -to_step write_bitstream -jobs 4
[Sun Apr 22 18:22:15 2018] Launched synth_1...
Run output will be captured here: C:/devspace/school/Micronaut/jw_display_code/zedboard.runs/synth_1/runme.log
[Sun Apr 22 18:22:15 2018] Launched impl_1...
Run output will be captured here: C:/devspace/school/Micronaut/jw_display_code/zedboard.runs/impl_1/runme.log
launch_runs: Time (s): cpu = 00:00:02 ; elapsed = 00:00:22 . Memory (MB): peak = 927.180 ; gain = 8.926
open_hw
connect_hw_server
INFO: [Labtools 27-2285] Connecting to hw_server url TCP:localhost:3121
INFO: [Labtools 27-2222] Launching hw_server...
INFO: [Labtools 27-2221] Launch Output:

****** Xilinx hw_server v2018.1
  **** Build date : Apr  4 2018-19:32:53
    ** Copyright 1986-2018 Xilinx, Inc. All Rights Reserved.


connect_hw_server: Time (s): cpu = 00:00:00 ; elapsed = 00:00:23 . Memory (MB): peak = 927.180 ; gain = 0.000
open_hw_target
INFO: [Labtoolstcl 44-466] Opening hw_target localhost:3121/xilinx_tcf/Digilent/210248470544
open_hw_target: Time (s): cpu = 00:00:03 ; elapsed = 00:00:07 . Memory (MB): peak = 1553.832 ; gain = 626.652
set_property PROGRAM.FILE {C:/devspace/school/Micronaut/jw_display_code/zedboard.runs/impl_1/main.bit} [get_hw_devices xc7z020_1]
current_hw_device [get_hw_devices xc7z020_1]
refresh_hw_device -update_hw_probes false [lindex [get_hw_devices xc7z020_1] 0]
INFO: [Labtools 27-1434] Device xc7z020 (JTAG device index = 1) is programmed with a design that has no supported debug core(s) in it.
WARNING: [Labtools 27-3361] The debug hub core was not detected.
Resolution: 
1. Make sure the clock connected to the debug hub (dbg_hub) core is a free running clock and is active.
2. Make sure the BSCAN_SWITCH_USER_MASK device property in Vivado Hardware Manager reflects the user scan chain setting in the design and refresh the device.  To determine the user scan chain setting in the design, open the implemented design and use 'get_property C_USER_SCAN_CHAIN [get_debug_cores dbg_hub]'.
For more details on setting the scan chain property, consult the Vivado Debug and Programming User Guide (UG908).
set_property PROBES.FILE {} [get_hw_devices xc7z020_1]
set_property FULL_PROBES.FILE {} [get_hw_devices xc7z020_1]
set_property PROGRAM.FILE {C:/devspace/school/Micronaut/jw_display_code/zedboard.runs/impl_1/main.bit} [get_hw_devices xc7z020_1]
program_hw_devices [get_hw_devices xc7z020_1]
INFO: [Labtools 27-3164] End of startup status: HIGH
refresh_hw_device [lindex [get_hw_devices xc7z020_1] 0]
INFO: [Labtools 27-1434] Device xc7z020 (JTAG device index = 1) is programmed with a design that has no supported debug core(s) in it.
WARNING: [Labtools 27-3361] The debug hub core was not detected.
Resolution: 
1. Make sure the clock connected to the debug hub (dbg_hub) core is a free running clock and is active.
2. Make sure the BSCAN_SWITCH_USER_MASK device property in Vivado Hardware Manager reflects the user scan chain setting in the design and refresh the device.  To determine the user scan chain setting in the design, open the implemented design and use 'get_property C_USER_SCAN_CHAIN [get_debug_cores dbg_hub]'.
For more details on setting the scan chain property, consult the Vivado Debug and Programming User Guide (UG908).
ERROR: [Labtoolstcl 44-513] HW Target shutdown. Closing target: localhost:3121/xilinx_tcf/Digilent/210248470544
INFO: [Labtoolstcl 44-466] Opening hw_target localhost:3121/xilinx_tcf/Digilent/210248470544
WARNING: [Labtoolstcl 44-129] No matching hw_ila_data was found.
INFO: [Labtools 27-1434] Device xc7z020 (JTAG device index = 1) is programmed with a design that has no supported debug core(s) in it.
WARNING: [Labtools 27-3361] The debug hub core was not detected.
Resolution: 
1. Make sure the clock connected to the debug hub (dbg_hub) core is a free running clock and is active.
2. Make sure the BSCAN_SWITCH_USER_MASK device property in Vivado Hardware Manager reflects the user scan chain setting in the design and refresh the device.  To determine the user scan chain setting in the design, open the implemented design and use 'get_property C_USER_SCAN_CHAIN [get_debug_cores dbg_hub]'.
For more details on setting the scan chain property, consult the Vivado Debug and Programming User Guide (UG908).
WARNING: [Labtoolstcl 44-129] No matching hw_ila_data was found.
reset_run synth_1
WARNING: [Vivado 12-1017] Problems encountered:
1. Failed to delete one or more files in run directory C:/devspace/school/Micronaut/jw_display_code/zedboard.runs/synth_1

launch_runs impl_1 -to_step write_bitstream -jobs 4
[Sun Apr 22 18:30:03 2018] Launched synth_1...
Run output will be captured here: C:/devspace/school/Micronaut/jw_display_code/zedboard.runs/synth_1/runme.log
[Sun Apr 22 18:30:03 2018] Launched impl_1...
Run output will be captured here: C:/devspace/school/Micronaut/jw_display_code/zedboard.runs/impl_1/runme.log
ERROR: [Labtoolstcl 44-513] HW Target shutdown. Closing target: localhost:3121/xilinx_tcf/Digilent/210248470544
INFO: [Labtoolstcl 44-466] Opening hw_target localhost:3121/xilinx_tcf/Digilent/210248470544
WARNING: [Labtoolstcl 44-129] No matching hw_ila_data was found.
INFO: [Labtools 27-1434] Device xc7z020 (JTAG device index = 1) is programmed with a design that has no supported debug core(s) in it.
WARNING: [Labtools 27-3361] The debug hub core was not detected.
Resolution: 
1. Make sure the clock connected to the debug hub (dbg_hub) core is a free running clock and is active.
2. Make sure the BSCAN_SWITCH_USER_MASK device property in Vivado Hardware Manager reflects the user scan chain setting in the design and refresh the device.  To determine the user scan chain setting in the design, open the implemented design and use 'get_property C_USER_SCAN_CHAIN [get_debug_cores dbg_hub]'.
For more details on setting the scan chain property, consult the Vivado Debug and Programming User Guide (UG908).
WARNING: [Labtoolstcl 44-129] No matching hw_ila_data was found.
ERROR: [Labtoolstcl 44-513] HW Target shutdown. Closing target: localhost:3121/xilinx_tcf/Digilent/210248470544
INFO: [Labtoolstcl 44-466] Opening hw_target localhost:3121/xilinx_tcf/Digilent/210248470544
WARNING: [Labtoolstcl 44-129] No matching hw_ila_data was found.
INFO: [Labtools 27-1434] Device xc7z020 (JTAG device index = 1) is programmed with a design that has no supported debug core(s) in it.
WARNING: [Labtools 27-3361] The debug hub core was not detected.
Resolution: 
1. Make sure the clock connected to the debug hub (dbg_hub) core is a free running clock and is active.
2. Make sure the BSCAN_SWITCH_USER_MASK device property in Vivado Hardware Manager reflects the user scan chain setting in the design and refresh the device.  To determine the user scan chain setting in the design, open the implemented design and use 'get_property C_USER_SCAN_CHAIN [get_debug_cores dbg_hub]'.
For more details on setting the scan chain property, consult the Vivado Debug and Programming User Guide (UG908).
WARNING: [Labtoolstcl 44-129] No matching hw_ila_data was found.
set_property PROBES.FILE {} [get_hw_devices xc7z020_1]
set_property FULL_PROBES.FILE {} [get_hw_devices xc7z020_1]
set_property PROGRAM.FILE {C:/devspace/school/Micronaut/jw_display_code/zedboard.runs/impl_1/main.bit} [get_hw_devices xc7z020_1]
program_hw_devices [get_hw_devices xc7z020_1]
INFO: [Labtools 27-3164] End of startup status: HIGH
refresh_hw_device [lindex [get_hw_devices xc7z020_1] 0]
INFO: [Labtools 27-1434] Device xc7z020 (JTAG device index = 1) is programmed with a design that has no supported debug core(s) in it.
WARNING: [Labtools 27-3361] The debug hub core was not detected.
Resolution: 
1. Make sure the clock connected to the debug hub (dbg_hub) core is a free running clock and is active.
2. Make sure the BSCAN_SWITCH_USER_MASK device property in Vivado Hardware Manager reflects the user scan chain setting in the design and refresh the device.  To determine the user scan chain setting in the design, open the implemented design and use 'get_property C_USER_SCAN_CHAIN [get_debug_cores dbg_hub]'.
For more details on setting the scan chain property, consult the Vivado Debug and Programming User Guide (UG908).
reset_run synth_1
WARNING: [Vivado 12-1017] Problems encountered:
1. Failed to delete one or more files in run directory C:/devspace/school/Micronaut/jw_display_code/zedboard.runs/synth_1

launch_runs impl_1 -to_step write_bitstream -jobs 4
[Sun Apr 22 18:38:34 2018] Launched synth_1...
Run output will be captured here: C:/devspace/school/Micronaut/jw_display_code/zedboard.runs/synth_1/runme.log
[Sun Apr 22 18:38:34 2018] Launched impl_1...
Run output will be captured here: C:/devspace/school/Micronaut/jw_display_code/zedboard.runs/impl_1/runme.log
ERROR: [Labtoolstcl 44-513] HW Target shutdown. Closing target: localhost:3121/xilinx_tcf/Digilent/210248470544
INFO: [Labtoolstcl 44-466] Opening hw_target localhost:3121/xilinx_tcf/Digilent/210248470544
WARNING: [Labtoolstcl 44-129] No matching hw_ila_data was found.
INFO: [Labtools 27-1434] Device xc7z020 (JTAG device index = 1) is programmed with a design that has no supported debug core(s) in it.
WARNING: [Labtools 27-3361] The debug hub core was not detected.
Resolution: 
1. Make sure the clock connected to the debug hub (dbg_hub) core is a free running clock and is active.
2. Make sure the BSCAN_SWITCH_USER_MASK device property in Vivado Hardware Manager reflects the user scan chain setting in the design and refresh the device.  To determine the user scan chain setting in the design, open the implemented design and use 'get_property C_USER_SCAN_CHAIN [get_debug_cores dbg_hub]'.
For more details on setting the scan chain property, consult the Vivado Debug and Programming User Guide (UG908).
WARNING: [Labtoolstcl 44-129] No matching hw_ila_data was found.
set_property PROBES.FILE {} [get_hw_devices xc7z020_1]
set_property FULL_PROBES.FILE {} [get_hw_devices xc7z020_1]
set_property PROGRAM.FILE {C:/devspace/school/Micronaut/jw_display_code/zedboard.runs/impl_1/main.bit} [get_hw_devices xc7z020_1]
program_hw_devices [get_hw_devices xc7z020_1]
INFO: [Labtools 27-3164] End of startup status: HIGH
refresh_hw_device [lindex [get_hw_devices xc7z020_1] 0]
INFO: [Labtools 27-1434] Device xc7z020 (JTAG device index = 1) is programmed with a design that has no supported debug core(s) in it.
WARNING: [Labtools 27-3361] The debug hub core was not detected.
Resolution: 
1. Make sure the clock connected to the debug hub (dbg_hub) core is a free running clock and is active.
2. Make sure the BSCAN_SWITCH_USER_MASK device property in Vivado Hardware Manager reflects the user scan chain setting in the design and refresh the device.  To determine the user scan chain setting in the design, open the implemented design and use 'get_property C_USER_SCAN_CHAIN [get_debug_cores dbg_hub]'.
For more details on setting the scan chain property, consult the Vivado Debug and Programming User Guide (UG908).
ERROR: [Labtoolstcl 44-513] HW Target shutdown. Closing target: localhost:3121/xilinx_tcf/Digilent/210248470544
INFO: [Labtoolstcl 44-466] Opening hw_target localhost:3121/xilinx_tcf/Digilent/210248470544
WARNING: [Labtoolstcl 44-129] No matching hw_ila_data was found.
INFO: [Labtools 27-1434] Device xc7z020 (JTAG device index = 1) is programmed with a design that has no supported debug core(s) in it.
WARNING: [Labtools 27-3361] The debug hub core was not detected.
Resolution: 
1. Make sure the clock connected to the debug hub (dbg_hub) core is a free running clock and is active.
2. Make sure the BSCAN_SWITCH_USER_MASK device property in Vivado Hardware Manager reflects the user scan chain setting in the design and refresh the device.  To determine the user scan chain setting in the design, open the implemented design and use 'get_property C_USER_SCAN_CHAIN [get_debug_cores dbg_hub]'.
For more details on setting the scan chain property, consult the Vivado Debug and Programming User Guide (UG908).
WARNING: [Labtoolstcl 44-129] No matching hw_ila_data was found.
ERROR: [Labtoolstcl 44-513] HW Target shutdown. Closing target: localhost:3121/xilinx_tcf/Digilent/210248470544
INFO: [Labtoolstcl 44-466] Opening hw_target localhost:3121/xilinx_tcf/Digilent/210248470544
WARNING: [Labtoolstcl 44-129] No matching hw_ila_data was found.
INFO: [Labtools 27-1434] Device xc7z020 (JTAG device index = 1) is programmed with a design that has no supported debug core(s) in it.
WARNING: [Labtools 27-3361] The debug hub core was not detected.
Resolution: 
1. Make sure the clock connected to the debug hub (dbg_hub) core is a free running clock and is active.
2. Make sure the BSCAN_SWITCH_USER_MASK device property in Vivado Hardware Manager reflects the user scan chain setting in the design and refresh the device.  To determine the user scan chain setting in the design, open the implemented design and use 'get_property C_USER_SCAN_CHAIN [get_debug_cores dbg_hub]'.
For more details on setting the scan chain property, consult the Vivado Debug and Programming User Guide (UG908).
WARNING: [Labtoolstcl 44-129] No matching hw_ila_data was found.
ERROR: [Labtoolstcl 44-513] HW Target shutdown. Closing target: localhost:3121/xilinx_tcf/Digilent/210248470544
INFO: [Labtoolstcl 44-466] Opening hw_target localhost:3121/xilinx_tcf/Digilent/210248470544
WARNING: [Labtoolstcl 44-129] No matching hw_ila_data was found.
INFO: [Labtools 27-1434] Device xc7z020 (JTAG device index = 1) is programmed with a design that has no supported debug core(s) in it.
WARNING: [Labtools 27-3361] The debug hub core was not detected.
Resolution: 
1. Make sure the clock connected to the debug hub (dbg_hub) core is a free running clock and is active.
2. Make sure the BSCAN_SWITCH_USER_MASK device property in Vivado Hardware Manager reflects the user scan chain setting in the design and refresh the device.  To determine the user scan chain setting in the design, open the implemented design and use 'get_property C_USER_SCAN_CHAIN [get_debug_cores dbg_hub]'.
For more details on setting the scan chain property, consult the Vivado Debug and Programming User Guide (UG908).
WARNING: [Labtoolstcl 44-129] No matching hw_ila_data was found.
ERROR: [Labtoolstcl 44-513] HW Target shutdown. Closing target: localhost:3121/xilinx_tcf/Digilent/210248470544
INFO: [Labtoolstcl 44-466] Opening hw_target localhost:3121/xilinx_tcf/Digilent/210248470544
WARNING: [Labtoolstcl 44-129] No matching hw_ila_data was found.
INFO: [Labtools 27-1434] Device xc7z020 (JTAG device index = 1) is programmed with a design that has no supported debug core(s) in it.
WARNING: [Labtools 27-3361] The debug hub core was not detected.
Resolution: 
1. Make sure the clock connected to the debug hub (dbg_hub) core is a free running clock and is active.
2. Make sure the BSCAN_SWITCH_USER_MASK device property in Vivado Hardware Manager reflects the user scan chain setting in the design and refresh the device.  To determine the user scan chain setting in the design, open the implemented design and use 'get_property C_USER_SCAN_CHAIN [get_debug_cores dbg_hub]'.
For more details on setting the scan chain property, consult the Vivado Debug and Programming User Guide (UG908).
WARNING: [Labtoolstcl 44-129] No matching hw_ila_data was found.
ERROR: [Labtoolstcl 44-513] HW Target shutdown. Closing target: localhost:3121/xilinx_tcf/Digilent/210248470544
INFO: [Labtoolstcl 44-466] Opening hw_target localhost:3121/xilinx_tcf/Digilent/210248470544
WARNING: [Labtoolstcl 44-129] No matching hw_ila_data was found.
INFO: [Labtools 27-1434] Device xc7z020 (JTAG device index = 1) is programmed with a design that has no supported debug core(s) in it.
WARNING: [Labtools 27-3361] The debug hub core was not detected.
Resolution: 
1. Make sure the clock connected to the debug hub (dbg_hub) core is a free running clock and is active.
2. Make sure the BSCAN_SWITCH_USER_MASK device property in Vivado Hardware Manager reflects the user scan chain setting in the design and refresh the device.  To determine the user scan chain setting in the design, open the implemented design and use 'get_property C_USER_SCAN_CHAIN [get_debug_cores dbg_hub]'.
For more details on setting the scan chain property, consult the Vivado Debug and Programming User Guide (UG908).
WARNING: [Labtoolstcl 44-129] No matching hw_ila_data was found.
set_property SOURCE_SET sources_1 [get_filesets sim_1]
close [ open C:/devspace/school/Micronaut/jw_display_code/zedboard.srcs/sim_1/new/charDisp_test.v w ]
add_files -fileset sim_1 C:/devspace/school/Micronaut/jw_display_code/zedboard.srcs/sim_1/new/charDisp_test.v
update_compile_order -fileset sim_1
WARNING: [filemgmt 56-199] Attempt to get parsing info during refresh. "On-the-fly" syntax checking information may be incorrect. [C:/devspace/school/Micronaut/jw_display_code/zedboard.srcs/sources_1/new/display.v:]
WARNING: [filemgmt 56-199] Attempt to get parsing info during refresh. "On-the-fly" syntax checking information may be incorrect. [C:/devspace/school/Micronaut/jw_display_code/zedboard.srcs/sim_1/new/main_test.v:]
WARNING: [filemgmt 56-199] Attempt to get parsing info during refresh. "On-the-fly" syntax checking information may be incorrect. [C:/devspace/school/Micronaut/jw_display_code/zedboard.srcs/sim_1/new/charDisp_test.v:]
WARNING: [filemgmt 56-199] Attempt to get parsing info during refresh. "On-the-fly" syntax checking information may be incorrect. [C:/devspace/school/Micronaut/jw_display_code/zedboard.srcs/sources_1/new/disp_char.v:]
WARNING: [filemgmt 56-199] Attempt to get parsing info during refresh. "On-the-fly" syntax checking information may be incorrect. [C:/devspace/school/Micronaut/jw_display_code/zedboard.srcs/sources_1/new/display.v:]
WARNING: [filemgmt 56-199] Attempt to get parsing info during refresh. "On-the-fly" syntax checking information may be incorrect. [C:/devspace/school/Micronaut/jw_display_code/zedboard.srcs/sim_1/new/main_test.v:]
WARNING: [filemgmt 56-199] Attempt to get parsing info during refresh. "On-the-fly" syntax checking information may be incorrect. [C:/devspace/school/Micronaut/jw_display_code/zedboard.srcs/sim_1/new/charDisp_test.v:]
WARNING: [filemgmt 56-199] Attempt to get parsing info during refresh. "On-the-fly" syntax checking information may be incorrect. [C:/devspace/school/Micronaut/jw_display_code/zedboard.srcs/sources_1/new/disp_char.v:]
ERROR: [Common 17-180] Spawn failed: No error
launch_simulation
INFO: [Vivado 12-5698] Checking validity of IPs in the design for the 'XSim' simulator...
INFO: [Vivado 12-5682] Launching behavioral simulation in 'C:/devspace/school/Micronaut/jw_display_code/zedboard.sim/sim_1/behav/xsim'
INFO: [Vivado 12-4795] Using compiled simulation libraries for IPs
INFO: [SIM-utils-51] Simulation object is 'sim_1'
INFO: [USF-XSim-7] Finding pre-compiled libraries...
INFO: [USF-XSim-11] File 'C:/Xilinx/Vivado/2018.1/data/xsim/ip/xsim_ip.ini' copied to run dir:'C:/devspace/school/Micronaut/jw_display_code/zedboard.sim/sim_1/behav/xsim'
INFO: [SIM-utils-54] Inspecting design source files for 'main_test' in fileset 'sim_1'...
INFO: [USF-XSim-97] Finding global include files...
INFO: [USF-XSim-98] Fetching design files from 'sim_1'...
INFO: [USF-XSim-2] XSim::Compile design
INFO: [USF-XSim-61] Executing 'COMPILE and ANALYZE' step in 'C:/devspace/school/Micronaut/jw_display_code/zedboard.sim/sim_1/behav/xsim'
"xvlog --incr --relax -prj main_test_vlog.prj"
INFO: [VRFC 10-2263] Analyzing Verilog file "C:/devspace/school/Micronaut/jw_display_code/zedboard.srcs/sources_1/ip/clk_wiz_0/clk_wiz_0_clk_wiz.v" into library xil_defaultlib
INFO: [VRFC 10-311] analyzing module clk_wiz_0_clk_wiz
INFO: [VRFC 10-2263] Analyzing Verilog file "C:/devspace/school/Micronaut/jw_display_code/zedboard.srcs/sources_1/ip/clk_wiz_0/clk_wiz_0.v" into library xil_defaultlib
INFO: [VRFC 10-311] analyzing module clk_wiz_0
INFO: [VRFC 10-2263] Analyzing Verilog file "C:/devspace/school/Micronaut/jw_display_code/zedboard.srcs/sources_1/new/disp_char.v" into library xil_defaultlib
INFO: [VRFC 10-311] analyzing module disp_char
INFO: [VRFC 10-2263] Analyzing Verilog file "C:/devspace/school/Micronaut/jw_display_code/zedboard.srcs/sources_1/new/display.v" into library xil_defaultlib
INFO: [VRFC 10-311] analyzing module display
INFO: [VRFC 10-2263] Analyzing Verilog file "C:/devspace/school/Micronaut/jw_display_code/zedboard.srcs/sources_1/new/main.v" into library xil_defaultlib
INFO: [VRFC 10-311] analyzing module main
INFO: [VRFC 10-2263] Analyzing Verilog file "C:/devspace/school/Micronaut/jw_display_code/zedboard.srcs/sim_1/new/main_test.v" into library xil_defaultlib
INFO: [VRFC 10-311] analyzing module main_test
INFO: [VRFC 10-2263] Analyzing Verilog file "C:/devspace/school/Micronaut/jw_display_code/zedboard.sim/sim_1/behav/xsim/glbl.v" into library xil_defaultlib
INFO: [VRFC 10-311] analyzing module glbl
"xvhdl --incr --relax -prj main_test_vhdl.prj"
INFO: [VRFC 10-163] Analyzing VHDL file "C:/devspace/school/Micronaut/jw_display_code/zedboard.srcs/sources_1/new/VGA_timing_controller.vhd" into library xil_defaultlib
INFO: [VRFC 10-307] analyzing entity VGA_timing_controller
INFO: [VRFC 10-163] Analyzing VHDL file "C:/devspace/school/Micronaut/jw_display_code/zedboard.srcs/sources_1/new/reset_synchronizer.vhd" into library xil_defaultlib
INFO: [VRFC 10-307] analyzing entity reset_synchronizer
run_program: Time (s): cpu = 00:00:00 ; elapsed = 00:00:05 . Memory (MB): peak = 1800.016 ; gain = 0.000
INFO: [USF-XSim-69] 'compile' step finished in '6' seconds
INFO: [USF-XSim-3] XSim::Elaborate design
INFO: [USF-XSim-61] Executing 'ELABORATE' step in 'C:/devspace/school/Micronaut/jw_display_code/zedboard.sim/sim_1/behav/xsim'
Vivado Simulator 2018.1
Copyright 1986-1999, 2001-2017 Xilinx, Inc. All Rights Reserved.
Running: C:/Xilinx/Vivado/2018.1/bin/unwrapped/win64.o/xelab.exe -wto 617a0dd54e954085815eba52c3288dc9 --incr --debug typical --relax --mt 2 -L xil_defaultlib -L unisims_ver -L unimacro_ver -L secureip -L xpm --snapshot main_test_behav xil_defaultlib.main_test xil_defaultlib.glbl -log elaborate.log 
Using 2 slave threads.
Starting static elaboration
ERROR: [VRFC 10-426] cannot find port VGA_R4 on this module [C:/devspace/school/Micronaut/jw_display_code/zedboard.srcs/sim_1/new/main_test.v:60]
ERROR: [VRFC 10-426] cannot find port VGA_R3 on this module [C:/devspace/school/Micronaut/jw_display_code/zedboard.srcs/sim_1/new/main_test.v:59]
ERROR: [VRFC 10-426] cannot find port VGA_R2 on this module [C:/devspace/school/Micronaut/jw_display_code/zedboard.srcs/sim_1/new/main_test.v:58]
ERROR: [VRFC 10-426] cannot find port VGA_R1 on this module [C:/devspace/school/Micronaut/jw_display_code/zedboard.srcs/sim_1/new/main_test.v:57]
ERROR: [VRFC 10-426] cannot find port VGA_G4 on this module [C:/devspace/school/Micronaut/jw_display_code/zedboard.srcs/sim_1/new/main_test.v:56]
ERROR: [VRFC 10-426] cannot find port VGA_G3 on this module [C:/devspace/school/Micronaut/jw_display_code/zedboard.srcs/sim_1/new/main_test.v:55]
ERROR: [VRFC 10-426] cannot find port VGA_G2 on this module [C:/devspace/school/Micronaut/jw_display_code/zedboard.srcs/sim_1/new/main_test.v:54]
ERROR: [VRFC 10-426] cannot find port VGA_G1 on this module [C:/devspace/school/Micronaut/jw_display_code/zedboard.srcs/sim_1/new/main_test.v:53]
ERROR: [VRFC 10-426] cannot find port VGA_B4 on this module [C:/devspace/school/Micronaut/jw_display_code/zedboard.srcs/sim_1/new/main_test.v:52]
ERROR: [VRFC 10-426] cannot find port VGA_B3 on this module [C:/devspace/school/Micronaut/jw_display_code/zedboard.srcs/sim_1/new/main_test.v:51]
ERROR: [VRFC 10-426] cannot find port VGA_B2 on this module [C:/devspace/school/Micronaut/jw_display_code/zedboard.srcs/sim_1/new/main_test.v:50]
ERROR: [VRFC 10-426] cannot find port VGA_B1 on this module [C:/devspace/school/Micronaut/jw_display_code/zedboard.srcs/sim_1/new/main_test.v:49]
ERROR: [VRFC 10-2063] Module <VGA_timing_controller> not found while processing module instance <vga> [C:/devspace/school/Micronaut/jw_display_code/zedboard.srcs/sources_1/new/main.v:58]
ERROR: [VRFC 10-2063] Module <display> not found while processing module instance <disp> [C:/devspace/school/Micronaut/jw_display_code/zedboard.srcs/sources_1/new/main.v:68]
ERROR: [XSIM 43-3322] Static elaboration of top level Verilog design unit(s) in library work failed.
INFO: [USF-XSim-69] 'elaborate' step finished in '3' seconds
INFO: [USF-XSim-99] Step results log file:'C:/devspace/school/Micronaut/jw_display_code/zedboard.sim/sim_1/behav/xsim/elaborate.log'
ERROR: [USF-XSim-62] 'elaborate' step failed with error(s). Please check the Tcl console output or 'C:/devspace/school/Micronaut/jw_display_code/zedboard.sim/sim_1/behav/xsim/elaborate.log' file for more information.
ERROR: [Vivado 12-4473] Detected error while running simulation. Please correct the issue and retry this operation.
launch_simulation: Time (s): cpu = 00:00:00 ; elapsed = 00:00:11 . Memory (MB): peak = 1807.855 ; gain = 7.840
ERROR: [Common 17-39] 'launch_simulation' failed due to earlier errors.
reset_run synth_1
WARNING: [Vivado 12-1017] Problems encountered:
1. Failed to delete one or more files in run directory C:/devspace/school/Micronaut/jw_display_code/zedboard.runs/synth_1

launch_runs synth_1 -jobs 4
[Sun Apr 22 19:27:00 2018] Launched synth_1...
Run output will be captured here: C:/devspace/school/Micronaut/jw_display_code/zedboard.runs/synth_1/runme.log
launch_simulation
INFO: [Vivado 12-5698] Checking validity of IPs in the design for the 'XSim' simulator...
INFO: [Vivado 12-5682] Launching behavioral simulation in 'C:/devspace/school/Micronaut/jw_display_code/zedboard.sim/sim_1/behav/xsim'
INFO: [Vivado 12-4795] Using compiled simulation libraries for IPs
INFO: [SIM-utils-51] Simulation object is 'sim_1'
INFO: [USF-XSim-7] Finding pre-compiled libraries...
INFO: [USF-XSim-11] File 'C:/Xilinx/Vivado/2018.1/data/xsim/ip/xsim_ip.ini' copied to run dir:'C:/devspace/school/Micronaut/jw_display_code/zedboard.sim/sim_1/behav/xsim'
INFO: [SIM-utils-54] Inspecting design source files for 'main_test' in fileset 'sim_1'...
INFO: [USF-XSim-97] Finding global include files...
INFO: [USF-XSim-98] Fetching design files from 'sim_1'...
INFO: [USF-XSim-2] XSim::Compile design
INFO: [USF-XSim-61] Executing 'COMPILE and ANALYZE' step in 'C:/devspace/school/Micronaut/jw_display_code/zedboard.sim/sim_1/behav/xsim'
"xvlog --incr --relax -prj main_test_vlog.prj"
INFO: [VRFC 10-2263] Analyzing Verilog file "C:/devspace/school/Micronaut/jw_display_code/zedboard.srcs/sources_1/ip/clk_wiz_0/clk_wiz_0_clk_wiz.v" into library xil_defaultlib
INFO: [VRFC 10-311] analyzing module clk_wiz_0_clk_wiz
INFO: [VRFC 10-2263] Analyzing Verilog file "C:/devspace/school/Micronaut/jw_display_code/zedboard.srcs/sources_1/ip/clk_wiz_0/clk_wiz_0.v" into library xil_defaultlib
INFO: [VRFC 10-311] analyzing module clk_wiz_0
INFO: [VRFC 10-2263] Analyzing Verilog file "C:/devspace/school/Micronaut/jw_display_code/zedboard.srcs/sources_1/new/disp_char.v" into library xil_defaultlib
INFO: [VRFC 10-311] analyzing module disp_char
INFO: [VRFC 10-2263] Analyzing Verilog file "C:/devspace/school/Micronaut/jw_display_code/zedboard.srcs/sources_1/new/display.v" into library xil_defaultlib
INFO: [VRFC 10-311] analyzing module display
INFO: [VRFC 10-2263] Analyzing Verilog file "C:/devspace/school/Micronaut/jw_display_code/zedboard.srcs/sources_1/new/main.v" into library xil_defaultlib
INFO: [VRFC 10-311] analyzing module main
INFO: [VRFC 10-2263] Analyzing Verilog file "C:/devspace/school/Micronaut/jw_display_code/zedboard.srcs/sim_1/new/main_test.v" into library xil_defaultlib
INFO: [VRFC 10-311] analyzing module main_test
"xvhdl --incr --relax -prj main_test_vhdl.prj"
INFO: [USF-XSim-69] 'compile' step finished in '5' seconds
INFO: [USF-XSim-3] XSim::Elaborate design
INFO: [USF-XSim-61] Executing 'ELABORATE' step in 'C:/devspace/school/Micronaut/jw_display_code/zedboard.sim/sim_1/behav/xsim'
Vivado Simulator 2018.1
Copyright 1986-1999, 2001-2017 Xilinx, Inc. All Rights Reserved.
Running: C:/Xilinx/Vivado/2018.1/bin/unwrapped/win64.o/xelab.exe -wto 617a0dd54e954085815eba52c3288dc9 --incr --debug typical --relax --mt 2 -L xil_defaultlib -L unisims_ver -L unimacro_ver -L secureip -L xpm --snapshot main_test_behav xil_defaultlib.main_test xil_defaultlib.glbl -log elaborate.log 
Using 2 slave threads.
Starting static elaboration
ERROR: [VRFC 10-2666] formal port reset has no actual or default value [C:/devspace/school/Micronaut/jw_display_code/zedboard.srcs/sources_1/ip/clk_wiz_0/clk_wiz_0.v:75]
ERROR: [VRFC 10-717] formal port hcnt_outp of type integer does not match with actual type wire [C:/devspace/school/Micronaut/jw_display_code/zedboard.srcs/sources_1/new/main.v:61]
ERROR: [VRFC 10-717] formal port vcnt_outp of type integer does not match with actual type wire [C:/devspace/school/Micronaut/jw_display_code/zedboard.srcs/sources_1/new/main.v:62]
ERROR: [XSIM 43-3322] Static elaboration of top level Verilog design unit(s) in library work failed.
INFO: [USF-XSim-69] 'elaborate' step finished in '3' seconds
INFO: [USF-XSim-99] Step results log file:'C:/devspace/school/Micronaut/jw_display_code/zedboard.sim/sim_1/behav/xsim/elaborate.log'
ERROR: [USF-XSim-62] 'elaborate' step failed with error(s). Please check the Tcl console output or 'C:/devspace/school/Micronaut/jw_display_code/zedboard.sim/sim_1/behav/xsim/elaborate.log' file for more information.
ERROR: [Vivado 12-4473] Detected error while running simulation. Please correct the issue and retry this operation.
launch_simulation: Time (s): cpu = 00:00:01 ; elapsed = 00:00:09 . Memory (MB): peak = 1814.617 ; gain = 0.000
ERROR: [Common 17-39] 'launch_simulation' failed due to earlier errors.
set_property top charDisp_test [get_filesets sim_1]
set_property top_lib xil_defaultlib [get_filesets sim_1]
update_compile_order -fileset sim_1
launch_simulation
INFO: [Vivado 12-5698] Checking validity of IPs in the design for the 'XSim' simulator...
INFO: [Vivado 12-5682] Launching behavioral simulation in 'C:/devspace/school/Micronaut/jw_display_code/zedboard.sim/sim_1/behav/xsim'
INFO: [Vivado 12-4795] Using compiled simulation libraries for IPs
INFO: [SIM-utils-51] Simulation object is 'sim_1'
INFO: [USF-XSim-7] Finding pre-compiled libraries...
INFO: [USF-XSim-11] File 'C:/Xilinx/Vivado/2018.1/data/xsim/ip/xsim_ip.ini' copied to run dir:'C:/devspace/school/Micronaut/jw_display_code/zedboard.sim/sim_1/behav/xsim'
INFO: [SIM-utils-54] Inspecting design source files for 'charDisp_test' in fileset 'sim_1'...
INFO: [USF-XSim-97] Finding global include files...
INFO: [USF-XSim-98] Fetching design files from 'sim_1'...
INFO: [USF-XSim-2] XSim::Compile design
INFO: [USF-XSim-61] Executing 'COMPILE and ANALYZE' step in 'C:/devspace/school/Micronaut/jw_display_code/zedboard.sim/sim_1/behav/xsim'
"xvlog --incr --relax -prj charDisp_test_vlog.prj"
INFO: [VRFC 10-2263] Analyzing Verilog file "C:/devspace/school/Micronaut/jw_display_code/zedboard.srcs/sim_1/new/charDisp_test.v" into library xil_defaultlib
INFO: [VRFC 10-311] analyzing module charDisp_test
INFO: [USF-XSim-69] 'compile' step finished in '2' seconds
INFO: [USF-XSim-3] XSim::Elaborate design
INFO: [USF-XSim-61] Executing 'ELABORATE' step in 'C:/devspace/school/Micronaut/jw_display_code/zedboard.sim/sim_1/behav/xsim'
Vivado Simulator 2018.1
Copyright 1986-1999, 2001-2017 Xilinx, Inc. All Rights Reserved.
Running: C:/Xilinx/Vivado/2018.1/bin/unwrapped/win64.o/xelab.exe -wto 617a0dd54e954085815eba52c3288dc9 --incr --debug typical --relax --mt 2 -L xil_defaultlib -L unisims_ver -L unimacro_ver -L secureip -L xpm --snapshot charDisp_test_behav xil_defaultlib.charDisp_test xil_defaultlib.glbl -log elaborate.log 
Using 2 slave threads.
Starting static elaboration
Completed static elaboration
Starting simulation data flow analysis
Completed simulation data flow analysis
Time Resolution for simulation is 1ps
Compiling module xil_defaultlib.disp_char
Compiling module xil_defaultlib.charDisp_test
Compiling module xil_defaultlib.glbl
Built simulation snapshot charDisp_test_behav

****** Webtalk v2018.1 (64-bit)
  **** SW Build 2188600 on Wed Apr  4 18:40:38 MDT 2018
  **** IP Build 2185939 on Wed Apr  4 20:55:05 MDT 2018
    ** Copyright 1986-2018 Xilinx, Inc. All Rights Reserved.

source C:/devspace/school/Micronaut/jw_display_code/zedboard.sim/sim_1/behav/xsim/xsim.dir/charDisp_test_behav/webtalk/xsim_webtalk.tcl -notrace
INFO: [Common 17-206] Exiting Webtalk at Sun Apr 22 19:30:04 2018...
run_program: Time (s): cpu = 00:00:00 ; elapsed = 00:00:29 . Memory (MB): peak = 1814.617 ; gain = 0.000
INFO: [USF-XSim-69] 'elaborate' step finished in '28' seconds
INFO: [USF-XSim-4] XSim::Simulate design
INFO: [USF-XSim-61] Executing 'SIMULATE' step in 'C:/devspace/school/Micronaut/jw_display_code/zedboard.sim/sim_1/behav/xsim'
INFO: [USF-XSim-98] *** Running xsim
   with args "charDisp_test_behav -key {Behavioral:sim_1:Functional:charDisp_test} -tclbatch {charDisp_test.tcl} -log {simulate.log}"
INFO: [USF-XSim-8] Loading simulator feature
Vivado Simulator 2018.1
Time resolution is 1 ps
source charDisp_test.tcl
# set curr_wave [current_wave_config]
# if { [string length $curr_wave] == 0 } {
#   if { [llength [get_objects]] > 0} {
#     add_wave /
#     set_property needs_save false [current_wave_config]
#   } else {
#      send_msg_id Add_Wave-1 WARNING "No top level signals found. Simulator will start without a wave window. If you want to open a wave window go to 'File->New Waveform Configuration' or type 'create_wave_config' in the TCL console."
#   }
# }
# run 1000ns
WARNING: File char.list referenced on C:/devspace/school/Micronaut/jw_display_code/zedboard.srcs/sources_1/new/disp_char.v at line 61 cannot be opened for reading. Please ensure that this file is available in the current working directory.
INFO: [USF-XSim-96] XSim completed. Design snapshot 'charDisp_test_behav' loaded.
INFO: [USF-XSim-97] XSim simulation ran for 1000ns
launch_simulation: Time (s): cpu = 00:00:05 ; elapsed = 00:00:35 . Memory (MB): peak = 1833.184 ; gain = 18.566
run 10 us
run 10 us
run 10 us
run 10 us
run 10 us
run 10 us
run 10 us
run 10 us
run 10 us
run 10 us
run 10 us
run 10 us
run 10 us
ERROR: [Labtoolstcl 44-513] HW Target shutdown. Closing target: localhost:3121/xilinx_tcf/Digilent/210248470544
INFO: [Labtoolstcl 44-466] Opening hw_target localhost:3121/xilinx_tcf/Digilent/210248470544
WARNING: [Labtoolstcl 44-129] No matching hw_ila_data was found.
INFO: [Labtools 27-1434] Device xc7z020 (JTAG device index = 1) is programmed with a design that has no supported debug core(s) in it.
WARNING: [Labtools 27-3361] The debug hub core was not detected.
Resolution: 
1. Make sure the clock connected to the debug hub (dbg_hub) core is a free running clock and is active.
2. Make sure the BSCAN_SWITCH_USER_MASK device property in Vivado Hardware Manager reflects the user scan chain setting in the design and refresh the device.  To determine the user scan chain setting in the design, open the implemented design and use 'get_property C_USER_SCAN_CHAIN [get_debug_cores dbg_hub]'.
For more details on setting the scan chain property, consult the Vivado Debug and Programming User Guide (UG908).
WARNING: [Labtoolstcl 44-129] No matching hw_ila_data was found.
set_property SOURCE_SET sources_1 [get_filesets sim_1]
close [ open C:/devspace/school/Micronaut/jw_display_code/zedboard.srcs/sim_1/new/display_test.v w ]
add_files -fileset sim_1 C:/devspace/school/Micronaut/jw_display_code/zedboard.srcs/sim_1/new/display_test.v
update_compile_order -fileset sim_1
set_property top display_test [get_filesets sim_1]
set_property top_lib xil_defaultlib [get_filesets sim_1]
update_compile_order -fileset sim_1
launch_simulation
INFO: [Vivado 12-5698] Checking validity of IPs in the design for the 'XSim' simulator...
INFO: [Vivado 12-5682] Launching behavioral simulation in 'C:/devspace/school/Micronaut/jw_display_code/zedboard.sim/sim_1/behav/xsim'
INFO: [Vivado 12-4795] Using compiled simulation libraries for IPs
INFO: [SIM-utils-51] Simulation object is 'sim_1'
INFO: [USF-XSim-7] Finding pre-compiled libraries...
INFO: [USF-XSim-11] File 'C:/Xilinx/Vivado/2018.1/data/xsim/ip/xsim_ip.ini' copied to run dir:'C:/devspace/school/Micronaut/jw_display_code/zedboard.sim/sim_1/behav/xsim'
INFO: [SIM-utils-54] Inspecting design source files for 'display_test' in fileset 'sim_1'...
INFO: [USF-XSim-97] Finding global include files...
INFO: [USF-XSim-98] Fetching design files from 'sim_1'...
INFO: [USF-XSim-2] XSim::Compile design
INFO: [USF-XSim-61] Executing 'COMPILE and ANALYZE' step in 'C:/devspace/school/Micronaut/jw_display_code/zedboard.sim/sim_1/behav/xsim'
"xvlog --incr --relax -prj display_test_vlog.prj"
INFO: [VRFC 10-2263] Analyzing Verilog file "C:/devspace/school/Micronaut/jw_display_code/zedboard.srcs/sim_1/new/display_test.v" into library xil_defaultlib
INFO: [VRFC 10-311] analyzing module display_test
INFO: [USF-XSim-69] 'compile' step finished in '3' seconds
INFO: [USF-XSim-3] XSim::Elaborate design
INFO: [USF-XSim-61] Executing 'ELABORATE' step in 'C:/devspace/school/Micronaut/jw_display_code/zedboard.sim/sim_1/behav/xsim'
Vivado Simulator 2018.1
Copyright 1986-1999, 2001-2017 Xilinx, Inc. All Rights Reserved.
Running: C:/Xilinx/Vivado/2018.1/bin/unwrapped/win64.o/xelab.exe -wto 617a0dd54e954085815eba52c3288dc9 --incr --debug typical --relax --mt 2 -L xil_defaultlib -L unisims_ver -L unimacro_ver -L secureip -L xpm --snapshot display_test_behav xil_defaultlib.display_test xil_defaultlib.glbl -log elaborate.log 
Using 2 slave threads.
Starting static elaboration
WARNING: [VRFC 10-278] actual bit length 5 differs from formal bit length 6 for port char_row [C:/devspace/school/Micronaut/jw_display_code/zedboard.srcs/sources_1/new/display.v:60]
WARNING: [VRFC 10-278] actual bit length 5 differs from formal bit length 6 for port char_col [C:/devspace/school/Micronaut/jw_display_code/zedboard.srcs/sources_1/new/display.v:61]
Completed static elaboration
Starting simulation data flow analysis
Completed simulation data flow analysis
Time Resolution for simulation is 1ps
Compiling module xil_defaultlib.disp_char
Compiling module xil_defaultlib.display
Compiling module xil_defaultlib.display_test
Compiling module xil_defaultlib.glbl
Built simulation snapshot display_test_behav

****** Webtalk v2018.1 (64-bit)
  **** SW Build 2188600 on Wed Apr  4 18:40:38 MDT 2018
  **** IP Build 2185939 on Wed Apr  4 20:55:05 MDT 2018
    ** Copyright 1986-2018 Xilinx, Inc. All Rights Reserved.

source C:/devspace/school/Micronaut/jw_display_code/zedboard.sim/sim_1/behav/xsim/xsim.dir/display_test_behav/webtalk/xsim_webtalk.tcl -notrace
INFO: [Common 17-206] Exiting Webtalk at Sun Apr 22 19:54:45 2018...
run_program: Time (s): cpu = 00:00:00 ; elapsed = 00:00:28 . Memory (MB): peak = 1836.703 ; gain = 0.000
INFO: [USF-XSim-69] 'elaborate' step finished in '28' seconds
INFO: [USF-XSim-4] XSim::Simulate design
INFO: [USF-XSim-61] Executing 'SIMULATE' step in 'C:/devspace/school/Micronaut/jw_display_code/zedboard.sim/sim_1/behav/xsim'
INFO: [USF-XSim-98] *** Running xsim
   with args "display_test_behav -key {Behavioral:sim_1:Functional:display_test} -tclbatch {display_test.tcl} -log {simulate.log}"
INFO: [USF-XSim-8] Loading simulator feature
Vivado Simulator 2018.1
Time resolution is 1 ps
source display_test.tcl
# set curr_wave [current_wave_config]
# if { [string length $curr_wave] == 0 } {
#   if { [llength [get_objects]] > 0} {
#     add_wave /
#     set_property needs_save false [current_wave_config]
#   } else {
#      send_msg_id Add_Wave-1 WARNING "No top level signals found. Simulator will start without a wave window. If you want to open a wave window go to 'File->New Waveform Configuration' or type 'create_wave_config' in the TCL console."
#   }
# }
# run 1000ns
WARNING: File char.list referenced on C:/devspace/school/Micronaut/jw_display_code/zedboard.srcs/sources_1/new/disp_char.v at line 61 cannot be opened for reading. Please ensure that this file is available in the current working directory.
INFO: [USF-XSim-96] XSim completed. Design snapshot 'display_test_behav' loaded.
INFO: [USF-XSim-97] XSim simulation ran for 1000ns
launch_simulation: Time (s): cpu = 00:00:04 ; elapsed = 00:00:35 . Memory (MB): peak = 1848.328 ; gain = 11.625
restart
INFO: [Simtcl 6-17] Simulation restarted
run 10 us
WARNING: File char.list referenced on C:/devspace/school/Micronaut/jw_display_code/zedboard.srcs/sources_1/new/disp_char.v at line 61 cannot be opened for reading. Please ensure that this file is available in the current working directory.
relaunch_sim
suspend_sim: Time (s): cpu = 00:00:01 ; elapsed = 00:00:27 . Memory (MB): peak = 1854.086 ; gain = 0.000
INFO: [Vivado 12-5698] Checking validity of IPs in the design for the 'XSim' simulator...
INFO: [Vivado 12-5682] Launching behavioral simulation in 'C:/devspace/school/Micronaut/jw_display_code/zedboard.sim/sim_1/behav/xsim'
INFO: [Vivado 12-4795] Using compiled simulation libraries for IPs
INFO: [SIM-utils-51] Simulation object is 'sim_1'
INFO: [USF-XSim-7] Finding pre-compiled libraries...
INFO: [USF-XSim-11] File 'C:/Xilinx/Vivado/2018.1/data/xsim/ip/xsim_ip.ini' copied to run dir:'C:/devspace/school/Micronaut/jw_display_code/zedboard.sim/sim_1/behav/xsim'
INFO: [SIM-utils-54] Inspecting design source files for 'display_test' in fileset 'sim_1'...
INFO: [USF-XSim-97] Finding global include files...
INFO: [USF-XSim-98] Fetching design files from 'sim_1'...
INFO: [USF-XSim-2] XSim::Compile design
INFO: [USF-XSim-61] Executing 'COMPILE and ANALYZE' step in 'C:/devspace/school/Micronaut/jw_display_code/zedboard.sim/sim_1/behav/xsim'
"xvlog --incr --relax -prj display_test_vlog.prj"
INFO: [VRFC 10-2263] Analyzing Verilog file "C:/devspace/school/Micronaut/jw_display_code/zedboard.srcs/sources_1/new/disp_char.v" into library xil_defaultlib
INFO: [VRFC 10-311] analyzing module disp_char
INFO: [VRFC 10-2263] Analyzing Verilog file "C:/devspace/school/Micronaut/jw_display_code/zedboard.srcs/sources_1/new/display.v" into library xil_defaultlib
INFO: [VRFC 10-311] analyzing module display
INFO: [VRFC 10-2263] Analyzing Verilog file "C:/devspace/school/Micronaut/jw_display_code/zedboard.srcs/sim_1/new/display_test.v" into library xil_defaultlib
INFO: [VRFC 10-311] analyzing module display_test
INFO: [USF-XSim-69] 'compile' step finished in '3' seconds
INFO: [Vivado 12-5698] Checking validity of IPs in the design for the 'XSim' simulator...
INFO: [Vivado 12-5682] Launching behavioral simulation in 'C:/devspace/school/Micronaut/jw_display_code/zedboard.sim/sim_1/behav/xsim'
INFO: [Vivado 12-4795] Using compiled simulation libraries for IPs
INFO: [USF-XSim-3] XSim::Elaborate design
INFO: [USF-XSim-61] Executing 'ELABORATE' step in 'C:/devspace/school/Micronaut/jw_display_code/zedboard.sim/sim_1/behav/xsim'
Vivado Simulator 2018.1
Copyright 1986-1999, 2001-2017 Xilinx, Inc. All Rights Reserved.
Running: C:/Xilinx/Vivado/2018.1/bin/unwrapped/win64.o/xelab.exe -wto 617a0dd54e954085815eba52c3288dc9 --incr --debug typical --relax --mt 2 -L xil_defaultlib -L unisims_ver -L unimacro_ver -L secureip -L xpm --snapshot display_test_behav xil_defaultlib.display_test xil_defaultlib.glbl -log elaborate.log 
Using 2 slave threads.
Starting static elaboration
WARNING: [VRFC 10-278] actual bit length 5 differs from formal bit length 6 for port char_row [C:/devspace/school/Micronaut/jw_display_code/zedboard.srcs/sources_1/new/display.v:60]
WARNING: [VRFC 10-278] actual bit length 5 differs from formal bit length 6 for port char_col [C:/devspace/school/Micronaut/jw_display_code/zedboard.srcs/sources_1/new/display.v:61]
Completed static elaboration
Starting simulation data flow analysis
Completed simulation data flow analysis
Time Resolution for simulation is 1ps
Compiling module xil_defaultlib.disp_char
Compiling module xil_defaultlib.display
Compiling module xil_defaultlib.display_test
Compiling module xil_defaultlib.glbl
Built simulation snapshot display_test_behav
INFO: [USF-XSim-69] 'elaborate' step finished in '4' seconds
Vivado Simulator 2018.1
Time resolution is 1 ps
WARNING: File char.list referenced on C:/devspace/school/Micronaut/jw_display_code/zedboard.srcs/sources_1/new/disp_char.v at line 61 cannot be opened for reading. Please ensure that this file is available in the current working directory.
relaunch_sim: Time (s): cpu = 00:00:01 ; elapsed = 00:00:36 . Memory (MB): peak = 1854.086 ; gain = 0.000
relaunch_sim
suspend_sim: Time (s): cpu = 00:00:00 ; elapsed = 00:00:22 . Memory (MB): peak = 1854.086 ; gain = 0.000
INFO: [Vivado 12-5698] Checking validity of IPs in the design for the 'XSim' simulator...
INFO: [Vivado 12-5682] Launching behavioral simulation in 'C:/devspace/school/Micronaut/jw_display_code/zedboard.sim/sim_1/behav/xsim'
INFO: [Vivado 12-4795] Using compiled simulation libraries for IPs
INFO: [SIM-utils-51] Simulation object is 'sim_1'
INFO: [USF-XSim-7] Finding pre-compiled libraries...
INFO: [USF-XSim-11] File 'C:/Xilinx/Vivado/2018.1/data/xsim/ip/xsim_ip.ini' copied to run dir:'C:/devspace/school/Micronaut/jw_display_code/zedboard.sim/sim_1/behav/xsim'
INFO: [SIM-utils-54] Inspecting design source files for 'display_test' in fileset 'sim_1'...
INFO: [USF-XSim-97] Finding global include files...
INFO: [USF-XSim-98] Fetching design files from 'sim_1'...
INFO: [USF-XSim-2] XSim::Compile design
INFO: [USF-XSim-61] Executing 'COMPILE and ANALYZE' step in 'C:/devspace/school/Micronaut/jw_display_code/zedboard.sim/sim_1/behav/xsim'
"xvlog --incr --relax -prj display_test_vlog.prj"
INFO: [VRFC 10-2263] Analyzing Verilog file "C:/devspace/school/Micronaut/jw_display_code/zedboard.srcs/sources_1/new/disp_char.v" into library xil_defaultlib
INFO: [VRFC 10-311] analyzing module disp_char
INFO: [VRFC 10-2263] Analyzing Verilog file "C:/devspace/school/Micronaut/jw_display_code/zedboard.srcs/sources_1/new/display.v" into library xil_defaultlib
INFO: [VRFC 10-311] analyzing module display
INFO: [VRFC 10-2263] Analyzing Verilog file "C:/devspace/school/Micronaut/jw_display_code/zedboard.srcs/sim_1/new/display_test.v" into library xil_defaultlib
INFO: [VRFC 10-311] analyzing module display_test
INFO: [USF-XSim-69] 'compile' step finished in '3' seconds
INFO: [Vivado 12-5698] Checking validity of IPs in the design for the 'XSim' simulator...
INFO: [Vivado 12-5682] Launching behavioral simulation in 'C:/devspace/school/Micronaut/jw_display_code/zedboard.sim/sim_1/behav/xsim'
INFO: [Vivado 12-4795] Using compiled simulation libraries for IPs
INFO: [USF-XSim-3] XSim::Elaborate design
INFO: [USF-XSim-61] Executing 'ELABORATE' step in 'C:/devspace/school/Micronaut/jw_display_code/zedboard.sim/sim_1/behav/xsim'
Vivado Simulator 2018.1
Copyright 1986-1999, 2001-2017 Xilinx, Inc. All Rights Reserved.
Running: C:/Xilinx/Vivado/2018.1/bin/unwrapped/win64.o/xelab.exe -wto 617a0dd54e954085815eba52c3288dc9 --incr --debug typical --relax --mt 2 -L xil_defaultlib -L unisims_ver -L unimacro_ver -L secureip -L xpm --snapshot display_test_behav xil_defaultlib.display_test xil_defaultlib.glbl -log elaborate.log 
Using 2 slave threads.
Starting static elaboration
WARNING: [VRFC 10-278] actual bit length 5 differs from formal bit length 6 for port char_row [C:/devspace/school/Micronaut/jw_display_code/zedboard.srcs/sources_1/new/display.v:60]
WARNING: [VRFC 10-278] actual bit length 5 differs from formal bit length 6 for port char_col [C:/devspace/school/Micronaut/jw_display_code/zedboard.srcs/sources_1/new/display.v:61]
Completed static elaboration
Starting simulation data flow analysis
Completed simulation data flow analysis
Time Resolution for simulation is 1ps
Compiling module xil_defaultlib.disp_char
Compiling module xil_defaultlib.display
Compiling module xil_defaultlib.display_test
Compiling module xil_defaultlib.glbl
Built simulation snapshot display_test_behav
INFO: [USF-XSim-69] 'elaborate' step finished in '3' seconds
Vivado Simulator 2018.1
Time resolution is 1 ps
WARNING: File char.list referenced on C:/devspace/school/Micronaut/jw_display_code/zedboard.srcs/sources_1/new/disp_char.v at line 61 cannot be opened for reading. Please ensure that this file is available in the current working directory.
relaunch_sim: Time (s): cpu = 00:00:01 ; elapsed = 00:00:31 . Memory (MB): peak = 1854.086 ; gain = 0.000
restart
INFO: [Simtcl 6-17] Simulation restarted
run 10 us
WARNING: File char.list referenced on C:/devspace/school/Micronaut/jw_display_code/zedboard.srcs/sources_1/new/disp_char.v at line 61 cannot be opened for reading. Please ensure that this file is available in the current working directory.
relaunch_sim
suspend_sim: Time (s): cpu = 00:00:00 ; elapsed = 00:00:22 . Memory (MB): peak = 1857.813 ; gain = 0.000
INFO: [Vivado 12-5698] Checking validity of IPs in the design for the 'XSim' simulator...
INFO: [Vivado 12-5682] Launching behavioral simulation in 'C:/devspace/school/Micronaut/jw_display_code/zedboard.sim/sim_1/behav/xsim'
INFO: [Vivado 12-4795] Using compiled simulation libraries for IPs
INFO: [SIM-utils-51] Simulation object is 'sim_1'
INFO: [USF-XSim-7] Finding pre-compiled libraries...
INFO: [USF-XSim-11] File 'C:/Xilinx/Vivado/2018.1/data/xsim/ip/xsim_ip.ini' copied to run dir:'C:/devspace/school/Micronaut/jw_display_code/zedboard.sim/sim_1/behav/xsim'
INFO: [SIM-utils-54] Inspecting design source files for 'display_test' in fileset 'sim_1'...
INFO: [USF-XSim-97] Finding global include files...
INFO: [USF-XSim-98] Fetching design files from 'sim_1'...
INFO: [USF-XSim-2] XSim::Compile design
INFO: [USF-XSim-61] Executing 'COMPILE and ANALYZE' step in 'C:/devspace/school/Micronaut/jw_display_code/zedboard.sim/sim_1/behav/xsim'
"xvlog --incr --relax -prj display_test_vlog.prj"
INFO: [VRFC 10-2263] Analyzing Verilog file "C:/devspace/school/Micronaut/jw_display_code/zedboard.srcs/sources_1/new/disp_char.v" into library xil_defaultlib
INFO: [VRFC 10-311] analyzing module disp_char
INFO: [VRFC 10-2263] Analyzing Verilog file "C:/devspace/school/Micronaut/jw_display_code/zedboard.srcs/sources_1/new/display.v" into library xil_defaultlib
INFO: [VRFC 10-311] analyzing module display
INFO: [VRFC 10-2263] Analyzing Verilog file "C:/devspace/school/Micronaut/jw_display_code/zedboard.srcs/sim_1/new/display_test.v" into library xil_defaultlib
INFO: [VRFC 10-311] analyzing module display_test
INFO: [USF-XSim-69] 'compile' step finished in '3' seconds
INFO: [Vivado 12-5698] Checking validity of IPs in the design for the 'XSim' simulator...
INFO: [Vivado 12-5682] Launching behavioral simulation in 'C:/devspace/school/Micronaut/jw_display_code/zedboard.sim/sim_1/behav/xsim'
INFO: [Vivado 12-4795] Using compiled simulation libraries for IPs
INFO: [USF-XSim-3] XSim::Elaborate design
INFO: [USF-XSim-61] Executing 'ELABORATE' step in 'C:/devspace/school/Micronaut/jw_display_code/zedboard.sim/sim_1/behav/xsim'
Vivado Simulator 2018.1
Copyright 1986-1999, 2001-2017 Xilinx, Inc. All Rights Reserved.
Running: C:/Xilinx/Vivado/2018.1/bin/unwrapped/win64.o/xelab.exe -wto 617a0dd54e954085815eba52c3288dc9 --incr --debug typical --relax --mt 2 -L xil_defaultlib -L unisims_ver -L unimacro_ver -L secureip -L xpm --snapshot display_test_behav xil_defaultlib.display_test xil_defaultlib.glbl -log elaborate.log 
Using 2 slave threads.
Starting static elaboration
WARNING: [VRFC 10-278] actual bit length 5 differs from formal bit length 6 for port char_row [C:/devspace/school/Micronaut/jw_display_code/zedboard.srcs/sources_1/new/display.v:60]
WARNING: [VRFC 10-278] actual bit length 5 differs from formal bit length 6 for port char_col [C:/devspace/school/Micronaut/jw_display_code/zedboard.srcs/sources_1/new/display.v:61]
Completed static elaboration
Starting simulation data flow analysis
Completed simulation data flow analysis
Time Resolution for simulation is 1ps
Compiling module xil_defaultlib.disp_char
Compiling module xil_defaultlib.display
Compiling module xil_defaultlib.display_test
Compiling module xil_defaultlib.glbl
Built simulation snapshot display_test_behav
INFO: [USF-XSim-69] 'elaborate' step finished in '4' seconds
Vivado Simulator 2018.1
Time resolution is 1 ps
WARNING: File char.list referenced on C:/devspace/school/Micronaut/jw_display_code/zedboard.srcs/sources_1/new/disp_char.v at line 61 cannot be opened for reading. Please ensure that this file is available in the current working directory.
relaunch_sim: Time (s): cpu = 00:00:01 ; elapsed = 00:00:31 . Memory (MB): peak = 1857.813 ; gain = 0.000
restart
INFO: [Simtcl 6-17] Simulation restarted
run 10 us
WARNING: File char.list referenced on C:/devspace/school/Micronaut/jw_display_code/zedboard.srcs/sources_1/new/disp_char.v at line 61 cannot be opened for reading. Please ensure that this file is available in the current working directory.
relaunch_sim
suspend_sim: Time (s): cpu = 00:00:01 ; elapsed = 00:00:22 . Memory (MB): peak = 1857.813 ; gain = 0.000
INFO: [Vivado 12-5698] Checking validity of IPs in the design for the 'XSim' simulator...
INFO: [Vivado 12-5682] Launching behavioral simulation in 'C:/devspace/school/Micronaut/jw_display_code/zedboard.sim/sim_1/behav/xsim'
INFO: [Vivado 12-4795] Using compiled simulation libraries for IPs
INFO: [SIM-utils-51] Simulation object is 'sim_1'
INFO: [USF-XSim-7] Finding pre-compiled libraries...
INFO: [USF-XSim-11] File 'C:/Xilinx/Vivado/2018.1/data/xsim/ip/xsim_ip.ini' copied to run dir:'C:/devspace/school/Micronaut/jw_display_code/zedboard.sim/sim_1/behav/xsim'
INFO: [SIM-utils-54] Inspecting design source files for 'display_test' in fileset 'sim_1'...
INFO: [USF-XSim-97] Finding global include files...
INFO: [USF-XSim-98] Fetching design files from 'sim_1'...
INFO: [USF-XSim-2] XSim::Compile design
INFO: [USF-XSim-61] Executing 'COMPILE and ANALYZE' step in 'C:/devspace/school/Micronaut/jw_display_code/zedboard.sim/sim_1/behav/xsim'
"xvlog --incr --relax -prj display_test_vlog.prj"
INFO: [VRFC 10-2263] Analyzing Verilog file "C:/devspace/school/Micronaut/jw_display_code/zedboard.srcs/sources_1/new/disp_char.v" into library xil_defaultlib
INFO: [VRFC 10-311] analyzing module disp_char
INFO: [VRFC 10-2263] Analyzing Verilog file "C:/devspace/school/Micronaut/jw_display_code/zedboard.srcs/sources_1/new/display.v" into library xil_defaultlib
INFO: [VRFC 10-311] analyzing module display
INFO: [VRFC 10-2263] Analyzing Verilog file "C:/devspace/school/Micronaut/jw_display_code/zedboard.srcs/sim_1/new/display_test.v" into library xil_defaultlib
INFO: [VRFC 10-311] analyzing module display_test
INFO: [USF-XSim-69] 'compile' step finished in '3' seconds
INFO: [Vivado 12-5698] Checking validity of IPs in the design for the 'XSim' simulator...
INFO: [Vivado 12-5682] Launching behavioral simulation in 'C:/devspace/school/Micronaut/jw_display_code/zedboard.sim/sim_1/behav/xsim'
INFO: [Vivado 12-4795] Using compiled simulation libraries for IPs
INFO: [USF-XSim-3] XSim::Elaborate design
INFO: [USF-XSim-61] Executing 'ELABORATE' step in 'C:/devspace/school/Micronaut/jw_display_code/zedboard.sim/sim_1/behav/xsim'
Vivado Simulator 2018.1
Copyright 1986-1999, 2001-2017 Xilinx, Inc. All Rights Reserved.
Running: C:/Xilinx/Vivado/2018.1/bin/unwrapped/win64.o/xelab.exe -wto 617a0dd54e954085815eba52c3288dc9 --incr --debug typical --relax --mt 2 -L xil_defaultlib -L unisims_ver -L unimacro_ver -L secureip -L xpm --snapshot display_test_behav xil_defaultlib.display_test xil_defaultlib.glbl -log elaborate.log 
Using 2 slave threads.
Starting static elaboration
WARNING: [VRFC 10-278] actual bit length 5 differs from formal bit length 6 for port char_row [C:/devspace/school/Micronaut/jw_display_code/zedboard.srcs/sources_1/new/display.v:60]
WARNING: [VRFC 10-278] actual bit length 5 differs from formal bit length 6 for port char_col [C:/devspace/school/Micronaut/jw_display_code/zedboard.srcs/sources_1/new/display.v:61]
Completed static elaboration
Starting simulation data flow analysis
Completed simulation data flow analysis
Time Resolution for simulation is 1ps
Compiling module xil_defaultlib.disp_char
Compiling module xil_defaultlib.display
Compiling module xil_defaultlib.display_test
Compiling module xil_defaultlib.glbl
Built simulation snapshot display_test_behav
INFO: [USF-XSim-69] 'elaborate' step finished in '4' seconds
Vivado Simulator 2018.1
Time resolution is 1 ps
WARNING: File char.list referenced on C:/devspace/school/Micronaut/jw_display_code/zedboard.srcs/sources_1/new/disp_char.v at line 61 cannot be opened for reading. Please ensure that this file is available in the current working directory.
relaunch_sim: Time (s): cpu = 00:00:02 ; elapsed = 00:00:31 . Memory (MB): peak = 1857.813 ; gain = 0.000
restart
INFO: [Simtcl 6-17] Simulation restarted
run 10 us
WARNING: File char.list referenced on C:/devspace/school/Micronaut/jw_display_code/zedboard.srcs/sources_1/new/disp_char.v at line 61 cannot be opened for reading. Please ensure that this file is available in the current working directory.
run 10 us
reset_run synth_1
WARNING: [Vivado 12-1017] Problems encountered:
1. Failed to delete one or more files in run directory C:/devspace/school/Micronaut/jw_display_code/zedboard.runs/synth_1

launch_runs impl_1 -to_step write_bitstream -jobs 4
[Sun Apr 22 20:26:03 2018] Launched synth_1...
Run output will be captured here: C:/devspace/school/Micronaut/jw_display_code/zedboard.runs/synth_1/runme.log
[Sun Apr 22 20:26:03 2018] Launched impl_1...
Run output will be captured here: C:/devspace/school/Micronaut/jw_display_code/zedboard.runs/impl_1/runme.log
set_property PROBES.FILE {} [get_hw_devices xc7z020_1]
set_property FULL_PROBES.FILE {} [get_hw_devices xc7z020_1]
set_property PROGRAM.FILE {C:/devspace/school/Micronaut/jw_display_code/zedboard.runs/impl_1/main.bit} [get_hw_devices xc7z020_1]
program_hw_devices [get_hw_devices xc7z020_1]
INFO: [Labtools 27-3164] End of startup status: HIGH
refresh_hw_device [lindex [get_hw_devices xc7z020_1] 0]
INFO: [Labtools 27-1434] Device xc7z020 (JTAG device index = 1) is programmed with a design that has no supported debug core(s) in it.
WARNING: [Labtools 27-3361] The debug hub core was not detected.
Resolution: 
1. Make sure the clock connected to the debug hub (dbg_hub) core is a free running clock and is active.
2. Make sure the BSCAN_SWITCH_USER_MASK device property in Vivado Hardware Manager reflects the user scan chain setting in the design and refresh the device.  To determine the user scan chain setting in the design, open the implemented design and use 'get_property C_USER_SCAN_CHAIN [get_debug_cores dbg_hub]'.
For more details on setting the scan chain property, consult the Vivado Debug and Programming User Guide (UG908).
reset_run synth_1
WARNING: [Vivado 12-1017] Problems encountered:
1. Failed to delete one or more files in run directory C:/devspace/school/Micronaut/jw_display_code/zedboard.runs/synth_1

launch_runs impl_1 -to_step write_bitstream -jobs 4
[Sun Apr 22 20:32:26 2018] Launched synth_1...
Run output will be captured here: C:/devspace/school/Micronaut/jw_display_code/zedboard.runs/synth_1/runme.log
[Sun Apr 22 20:32:26 2018] Launched impl_1...
Run output will be captured here: C:/devspace/school/Micronaut/jw_display_code/zedboard.runs/impl_1/runme.log
set_property PROBES.FILE {} [get_hw_devices xc7z020_1]
set_property FULL_PROBES.FILE {} [get_hw_devices xc7z020_1]
set_property PROGRAM.FILE {C:/devspace/school/Micronaut/jw_display_code/zedboard.runs/impl_1/main.bit} [get_hw_devices xc7z020_1]
program_hw_devices [get_hw_devices xc7z020_1]
INFO: [Labtools 27-3164] End of startup status: HIGH
refresh_hw_device [lindex [get_hw_devices xc7z020_1] 0]
INFO: [Labtools 27-1434] Device xc7z020 (JTAG device index = 1) is programmed with a design that has no supported debug core(s) in it.
WARNING: [Labtools 27-3361] The debug hub core was not detected.
Resolution: 
1. Make sure the clock connected to the debug hub (dbg_hub) core is a free running clock and is active.
2. Make sure the BSCAN_SWITCH_USER_MASK device property in Vivado Hardware Manager reflects the user scan chain setting in the design and refresh the device.  To determine the user scan chain setting in the design, open the implemented design and use 'get_property C_USER_SCAN_CHAIN [get_debug_cores dbg_hub]'.
For more details on setting the scan chain property, consult the Vivado Debug and Programming User Guide (UG908).
reset_run synth_1
WARNING: [Vivado 12-1017] Problems encountered:
1. Failed to delete one or more files in run directory C:/devspace/school/Micronaut/jw_display_code/zedboard.runs/synth_1

launch_runs impl_1 -to_step write_bitstream -jobs 4
[Sun Apr 22 20:36:37 2018] Launched synth_1...
Run output will be captured here: C:/devspace/school/Micronaut/jw_display_code/zedboard.runs/synth_1/runme.log
[Sun Apr 22 20:36:37 2018] Launched impl_1...
Run output will be captured here: C:/devspace/school/Micronaut/jw_display_code/zedboard.runs/impl_1/runme.log
set_property PROBES.FILE {} [get_hw_devices xc7z020_1]
set_property FULL_PROBES.FILE {} [get_hw_devices xc7z020_1]
set_property PROGRAM.FILE {C:/devspace/school/Micronaut/jw_display_code/zedboard.runs/impl_1/main.bit} [get_hw_devices xc7z020_1]
program_hw_devices [get_hw_devices xc7z020_1]
INFO: [Labtools 27-3164] End of startup status: HIGH
refresh_hw_device [lindex [get_hw_devices xc7z020_1] 0]
INFO: [Labtools 27-1434] Device xc7z020 (JTAG device index = 1) is programmed with a design that has no supported debug core(s) in it.
WARNING: [Labtools 27-3361] The debug hub core was not detected.
Resolution: 
1. Make sure the clock connected to the debug hub (dbg_hub) core is a free running clock and is active.
2. Make sure the BSCAN_SWITCH_USER_MASK device property in Vivado Hardware Manager reflects the user scan chain setting in the design and refresh the device.  To determine the user scan chain setting in the design, open the implemented design and use 'get_property C_USER_SCAN_CHAIN [get_debug_cores dbg_hub]'.
For more details on setting the scan chain property, consult the Vivado Debug and Programming User Guide (UG908).
reset_run impl_1 -prev_step 
launch_runs impl_1 -to_step write_bitstream -jobs 4
[Sun Apr 22 20:42:49 2018] Launched impl_1...
Run output will be captured here: C:/devspace/school/Micronaut/jw_display_code/zedboard.runs/impl_1/runme.log
set_property PROBES.FILE {} [get_hw_devices xc7z020_1]
set_property FULL_PROBES.FILE {} [get_hw_devices xc7z020_1]
set_property PROGRAM.FILE {C:/devspace/school/Micronaut/jw_display_code/zedboard.runs/impl_1/main.bit} [get_hw_devices xc7z020_1]
program_hw_devices [get_hw_devices xc7z020_1]
INFO: [Labtools 27-3164] End of startup status: HIGH
refresh_hw_device [lindex [get_hw_devices xc7z020_1] 0]
INFO: [Labtools 27-1434] Device xc7z020 (JTAG device index = 1) is programmed with a design that has no supported debug core(s) in it.
WARNING: [Labtools 27-3361] The debug hub core was not detected.
Resolution: 
1. Make sure the clock connected to the debug hub (dbg_hub) core is a free running clock and is active.
2. Make sure the BSCAN_SWITCH_USER_MASK device property in Vivado Hardware Manager reflects the user scan chain setting in the design and refresh the device.  To determine the user scan chain setting in the design, open the implemented design and use 'get_property C_USER_SCAN_CHAIN [get_debug_cores dbg_hub]'.
For more details on setting the scan chain property, consult the Vivado Debug and Programming User Guide (UG908).
set_property top charDisp_test [get_filesets sim_1]
set_property top_lib xil_defaultlib [get_filesets sim_1]
update_compile_order -fileset sim_1
current_sim simulation_1
close_sim
INFO: [Simtcl 6-16] Simulation closed
close_sim: Time (s): cpu = 00:00:00 ; elapsed = 00:00:26 . Memory (MB): peak = 2154.777 ; gain = 0.000
launch_simulation
INFO: [Vivado 12-5698] Checking validity of IPs in the design for the 'XSim' simulator...
INFO: [Vivado 12-5682] Launching behavioral simulation in 'C:/devspace/school/Micronaut/jw_display_code/zedboard.sim/sim_1/behav/xsim'
INFO: [Vivado 12-4795] Using compiled simulation libraries for IPs
INFO: [SIM-utils-51] Simulation object is 'sim_1'
INFO: [USF-XSim-7] Finding pre-compiled libraries...
INFO: [USF-XSim-11] File 'C:/Xilinx/Vivado/2018.1/data/xsim/ip/xsim_ip.ini' copied to run dir:'C:/devspace/school/Micronaut/jw_display_code/zedboard.sim/sim_1/behav/xsim'
INFO: [SIM-utils-54] Inspecting design source files for 'charDisp_test' in fileset 'sim_1'...
INFO: [USF-XSim-97] Finding global include files...
INFO: [USF-XSim-98] Fetching design files from 'sim_1'...
INFO: [USF-XSim-2] XSim::Compile design
INFO: [USF-XSim-61] Executing 'COMPILE and ANALYZE' step in 'C:/devspace/school/Micronaut/jw_display_code/zedboard.sim/sim_1/behav/xsim'
"xvlog --incr --relax -prj charDisp_test_vlog.prj"
INFO: [VRFC 10-2263] Analyzing Verilog file "C:/devspace/school/Micronaut/jw_display_code/zedboard.srcs/sources_1/new/disp_char.v" into library xil_defaultlib
INFO: [VRFC 10-311] analyzing module disp_char
INFO: [VRFC 10-2263] Analyzing Verilog file "C:/devspace/school/Micronaut/jw_display_code/zedboard.srcs/sim_1/new/charDisp_test.v" into library xil_defaultlib
INFO: [VRFC 10-311] analyzing module charDisp_test
INFO: [USF-XSim-69] 'compile' step finished in '3' seconds
INFO: [USF-XSim-3] XSim::Elaborate design
INFO: [USF-XSim-61] Executing 'ELABORATE' step in 'C:/devspace/school/Micronaut/jw_display_code/zedboard.sim/sim_1/behav/xsim'
Vivado Simulator 2018.1
Copyright 1986-1999, 2001-2017 Xilinx, Inc. All Rights Reserved.
Running: C:/Xilinx/Vivado/2018.1/bin/unwrapped/win64.o/xelab.exe -wto 617a0dd54e954085815eba52c3288dc9 --incr --debug typical --relax --mt 2 -L xil_defaultlib -L unisims_ver -L unimacro_ver -L secureip -L xpm --snapshot charDisp_test_behav xil_defaultlib.charDisp_test xil_defaultlib.glbl -log elaborate.log 
Using 2 slave threads.
Starting static elaboration
Completed static elaboration
Starting simulation data flow analysis
Completed simulation data flow analysis
Time Resolution for simulation is 1ps
Compiling module xil_defaultlib.disp_char
Compiling module xil_defaultlib.charDisp_test
Compiling module xil_defaultlib.glbl
Built simulation snapshot charDisp_test_behav
INFO: [USF-XSim-69] 'elaborate' step finished in '4' seconds
INFO: [USF-XSim-4] XSim::Simulate design
INFO: [USF-XSim-61] Executing 'SIMULATE' step in 'C:/devspace/school/Micronaut/jw_display_code/zedboard.sim/sim_1/behav/xsim'
INFO: [USF-XSim-98] *** Running xsim
   with args "charDisp_test_behav -key {Behavioral:sim_1:Functional:charDisp_test} -tclbatch {charDisp_test.tcl} -log {simulate.log}"
INFO: [USF-XSim-8] Loading simulator feature
Vivado Simulator 2018.1
Time resolution is 1 ps
source charDisp_test.tcl
# set curr_wave [current_wave_config]
# if { [string length $curr_wave] == 0 } {
#   if { [llength [get_objects]] > 0} {
#     add_wave /
#     set_property needs_save false [current_wave_config]
#   } else {
#      send_msg_id Add_Wave-1 WARNING "No top level signals found. Simulator will start without a wave window. If you want to open a wave window go to 'File->New Waveform Configuration' or type 'create_wave_config' in the TCL console."
#   }
# }
# run 1000ns
WARNING: File char.list referenced on C:/devspace/school/Micronaut/jw_display_code/zedboard.srcs/sources_1/new/disp_char.v at line 61 cannot be opened for reading. Please ensure that this file is available in the current working directory.
INFO: [USF-XSim-96] XSim completed. Design snapshot 'charDisp_test_behav' loaded.
INFO: [USF-XSim-97] XSim simulation ran for 1000ns
launch_simulation: Time (s): cpu = 00:00:02 ; elapsed = 00:00:10 . Memory (MB): peak = 2154.777 ; gain = 0.000
restart
INFO: [Simtcl 6-17] Simulation restarted
run 10 us
WARNING: File char.list referenced on C:/devspace/school/Micronaut/jw_display_code/zedboard.srcs/sources_1/new/disp_char.v at line 61 cannot be opened for reading. Please ensure that this file is available in the current working directory.
relaunch_sim
suspend_sim: Time (s): cpu = 00:00:00 ; elapsed = 00:00:22 . Memory (MB): peak = 2155.844 ; gain = 0.000
INFO: [Vivado 12-5698] Checking validity of IPs in the design for the 'XSim' simulator...
INFO: [Vivado 12-5682] Launching behavioral simulation in 'C:/devspace/school/Micronaut/jw_display_code/zedboard.sim/sim_1/behav/xsim'
INFO: [Vivado 12-4795] Using compiled simulation libraries for IPs
INFO: [SIM-utils-51] Simulation object is 'sim_1'
INFO: [USF-XSim-7] Finding pre-compiled libraries...
INFO: [USF-XSim-11] File 'C:/Xilinx/Vivado/2018.1/data/xsim/ip/xsim_ip.ini' copied to run dir:'C:/devspace/school/Micronaut/jw_display_code/zedboard.sim/sim_1/behav/xsim'
INFO: [SIM-utils-54] Inspecting design source files for 'charDisp_test' in fileset 'sim_1'...
INFO: [USF-XSim-97] Finding global include files...
INFO: [USF-XSim-98] Fetching design files from 'sim_1'...
INFO: [USF-XSim-2] XSim::Compile design
INFO: [USF-XSim-61] Executing 'COMPILE and ANALYZE' step in 'C:/devspace/school/Micronaut/jw_display_code/zedboard.sim/sim_1/behav/xsim'
"xvlog --incr --relax -prj charDisp_test_vlog.prj"
INFO: [VRFC 10-2263] Analyzing Verilog file "C:/devspace/school/Micronaut/jw_display_code/zedboard.srcs/sources_1/new/disp_char.v" into library xil_defaultlib
INFO: [VRFC 10-311] analyzing module disp_char
INFO: [VRFC 10-2263] Analyzing Verilog file "C:/devspace/school/Micronaut/jw_display_code/zedboard.srcs/sim_1/new/charDisp_test.v" into library xil_defaultlib
INFO: [VRFC 10-311] analyzing module charDisp_test
INFO: [USF-XSim-69] 'compile' step finished in '3' seconds
INFO: [Vivado 12-5698] Checking validity of IPs in the design for the 'XSim' simulator...
INFO: [Vivado 12-5682] Launching behavioral simulation in 'C:/devspace/school/Micronaut/jw_display_code/zedboard.sim/sim_1/behav/xsim'
INFO: [Vivado 12-4795] Using compiled simulation libraries for IPs
INFO: [USF-XSim-3] XSim::Elaborate design
INFO: [USF-XSim-61] Executing 'ELABORATE' step in 'C:/devspace/school/Micronaut/jw_display_code/zedboard.sim/sim_1/behav/xsim'
Vivado Simulator 2018.1
Copyright 1986-1999, 2001-2017 Xilinx, Inc. All Rights Reserved.
Running: C:/Xilinx/Vivado/2018.1/bin/unwrapped/win64.o/xelab.exe -wto 617a0dd54e954085815eba52c3288dc9 --incr --debug typical --relax --mt 2 -L xil_defaultlib -L unisims_ver -L unimacro_ver -L secureip -L xpm --snapshot charDisp_test_behav xil_defaultlib.charDisp_test xil_defaultlib.glbl -log elaborate.log 
Using 2 slave threads.
Starting static elaboration
Completed static elaboration
Starting simulation data flow analysis
Completed simulation data flow analysis
Time Resolution for simulation is 1ps
Compiling module xil_defaultlib.disp_char
Compiling module xil_defaultlib.charDisp_test
Compiling module xil_defaultlib.glbl
Built simulation snapshot charDisp_test_behav
INFO: [USF-XSim-69] 'elaborate' step finished in '3' seconds
Vivado Simulator 2018.1
Time resolution is 1 ps
WARNING: File char.list referenced on C:/devspace/school/Micronaut/jw_display_code/zedboard.srcs/sources_1/new/disp_char.v at line 61 cannot be opened for reading. Please ensure that this file is available in the current working directory.
relaunch_sim: Time (s): cpu = 00:00:01 ; elapsed = 00:00:31 . Memory (MB): peak = 2156.473 ; gain = 0.629
restart
INFO: [Simtcl 6-17] Simulation restarted
run 10 us
WARNING: File char.list referenced on C:/devspace/school/Micronaut/jw_display_code/zedboard.srcs/sources_1/new/disp_char.v at line 61 cannot be opened for reading. Please ensure that this file is available in the current working directory.
reset_run synth_1
WARNING: [Vivado 12-1017] Problems encountered:
1. Failed to delete one or more files in run directory C:/devspace/school/Micronaut/jw_display_code/zedboard.runs/synth_1

launch_runs impl_1 -to_step write_bitstream -jobs 4
[Sun Apr 22 20:50:20 2018] Launched synth_1...
Run output will be captured here: C:/devspace/school/Micronaut/jw_display_code/zedboard.runs/synth_1/runme.log
[Sun Apr 22 20:50:20 2018] Launched impl_1...
Run output will be captured here: C:/devspace/school/Micronaut/jw_display_code/zedboard.runs/impl_1/runme.log
launch_runs: Time (s): cpu = 00:00:00 ; elapsed = 00:00:08 . Memory (MB): peak = 2162.090 ; gain = 3.188
set_property PROBES.FILE {} [get_hw_devices xc7z020_1]
set_property FULL_PROBES.FILE {} [get_hw_devices xc7z020_1]
set_property PROGRAM.FILE {C:/devspace/school/Micronaut/jw_display_code/zedboard.runs/impl_1/main.bit} [get_hw_devices xc7z020_1]
program_hw_devices [get_hw_devices xc7z020_1]
INFO: [Labtools 27-3164] End of startup status: HIGH
refresh_hw_device [lindex [get_hw_devices xc7z020_1] 0]
INFO: [Labtools 27-1434] Device xc7z020 (JTAG device index = 1) is programmed with a design that has no supported debug core(s) in it.
WARNING: [Labtools 27-3361] The debug hub core was not detected.
Resolution: 
1. Make sure the clock connected to the debug hub (dbg_hub) core is a free running clock and is active.
2. Make sure the BSCAN_SWITCH_USER_MASK device property in Vivado Hardware Manager reflects the user scan chain setting in the design and refresh the device.  To determine the user scan chain setting in the design, open the implemented design and use 'get_property C_USER_SCAN_CHAIN [get_debug_cores dbg_hub]'.
For more details on setting the scan chain property, consult the Vivado Debug and Programming User Guide (UG908).
reset_run synth_1
WARNING: [Vivado 12-1017] Problems encountered:
1. Failed to delete one or more files in run directory C:/devspace/school/Micronaut/jw_display_code/zedboard.runs/synth_1

launch_runs impl_1 -to_step write_bitstream -jobs 4
[Sun Apr 22 20:55:59 2018] Launched synth_1...
Run output will be captured here: C:/devspace/school/Micronaut/jw_display_code/zedboard.runs/synth_1/runme.log
[Sun Apr 22 20:55:59 2018] Launched impl_1...
Run output will be captured here: C:/devspace/school/Micronaut/jw_display_code/zedboard.runs/impl_1/runme.log
set_property PROBES.FILE {} [get_hw_devices xc7z020_1]
set_property FULL_PROBES.FILE {} [get_hw_devices xc7z020_1]
set_property PROGRAM.FILE {C:/devspace/school/Micronaut/jw_display_code/zedboard.runs/impl_1/main.bit} [get_hw_devices xc7z020_1]
program_hw_devices [get_hw_devices xc7z020_1]
INFO: [Labtools 27-3164] End of startup status: HIGH
refresh_hw_device [lindex [get_hw_devices xc7z020_1] 0]
INFO: [Labtools 27-1434] Device xc7z020 (JTAG device index = 1) is programmed with a design that has no supported debug core(s) in it.
WARNING: [Labtools 27-3361] The debug hub core was not detected.
Resolution: 
1. Make sure the clock connected to the debug hub (dbg_hub) core is a free running clock and is active.
2. Make sure the BSCAN_SWITCH_USER_MASK device property in Vivado Hardware Manager reflects the user scan chain setting in the design and refresh the device.  To determine the user scan chain setting in the design, open the implemented design and use 'get_property C_USER_SCAN_CHAIN [get_debug_cores dbg_hub]'.
For more details on setting the scan chain property, consult the Vivado Debug and Programming User Guide (UG908).
reset_run synth_1
WARNING: [Vivado 12-1017] Problems encountered:
1. Failed to delete one or more files in run directory C:/devspace/school/Micronaut/jw_display_code/zedboard.runs/synth_1

launch_runs impl_1 -to_step write_bitstream -jobs 4
[Sun Apr 22 21:06:40 2018] Launched synth_1...
Run output will be captured here: C:/devspace/school/Micronaut/jw_display_code/zedboard.runs/synth_1/runme.log
[Sun Apr 22 21:06:40 2018] Launched impl_1...
Run output will be captured here: C:/devspace/school/Micronaut/jw_display_code/zedboard.runs/impl_1/runme.log
set_property PROBES.FILE {} [get_hw_devices xc7z020_1]
set_property FULL_PROBES.FILE {} [get_hw_devices xc7z020_1]
set_property PROGRAM.FILE {C:/devspace/school/Micronaut/jw_display_code/zedboard.runs/impl_1/main.bit} [get_hw_devices xc7z020_1]
program_hw_devices [get_hw_devices xc7z020_1]
INFO: [Labtools 27-3164] End of startup status: HIGH
refresh_hw_device [lindex [get_hw_devices xc7z020_1] 0]
INFO: [Labtools 27-1434] Device xc7z020 (JTAG device index = 1) is programmed with a design that has no supported debug core(s) in it.
WARNING: [Labtools 27-3361] The debug hub core was not detected.
Resolution: 
1. Make sure the clock connected to the debug hub (dbg_hub) core is a free running clock and is active.
2. Make sure the BSCAN_SWITCH_USER_MASK device property in Vivado Hardware Manager reflects the user scan chain setting in the design and refresh the device.  To determine the user scan chain setting in the design, open the implemented design and use 'get_property C_USER_SCAN_CHAIN [get_debug_cores dbg_hub]'.
For more details on setting the scan chain property, consult the Vivado Debug and Programming User Guide (UG908).
close_sim
INFO: [Simtcl 6-16] Simulation closed
close_sim: Time (s): cpu = 00:00:01 ; elapsed = 00:00:24 . Memory (MB): peak = 2394.793 ; gain = 0.000
close_sim
INFO: [Simtcl 6-16] Simulation closed
exit
INFO: [Common 17-206] Exiting Vivado at Sun Apr 22 21:12:39 2018...
