#-----------------------------------------------------------
# Vivado v2018.1 (64-bit)
# SW Build 2188600 on Wed Apr  4 18:40:38 MDT 2018
# IP Build 2185939 on Wed Apr  4 20:55:05 MDT 2018
# Start of session at: Sat Apr 28 17:41:43 2018
# Process ID: 5484
# Current directory: C:/devspace/school/Micronaut/jw_display_code
# Command line: vivado.exe -gui_launcher_event rodinguilauncherevent25028 C:\devspace\school\Micronaut\jw_display_code\zedboard.xpr
# Log file: C:/devspace/school/Micronaut/jw_display_code/vivado.log
# Journal file: C:/devspace/school/Micronaut/jw_display_code\vivado.jou
#-----------------------------------------------------------
start_gui
open_project C:/devspace/school/Micronaut/jw_display_code/zedboard.xpr
Scanning sources...
Finished scanning sources
INFO: [IP_Flow 19-234] Refreshing IP repositories
INFO: [IP_Flow 19-1704] No user IP repositories specified
INFO: [IP_Flow 19-2313] Loaded Vivado IP repository 'C:/Xilinx/Vivado/2018.1/data/ip'.
open_project: Time (s): cpu = 00:00:17 ; elapsed = 00:00:11 . Memory (MB): peak = 812.793 ; gain = 95.984
update_compile_order -fileset sources_1
update_compile_order -fileset sources_1
update_compile_order -fileset sources_1
