#-----------------------------------------------------------
# Vivado v2018.1 (64-bit)
# SW Build 2188600 on Wed Apr  4 18:40:38 MDT 2018
# IP Build 2185939 on Wed Apr  4 20:55:05 MDT 2018
# Start of session at: Tue Apr 24 15:21:33 2018
# Process ID: 22344
# Current directory: C:/devspace/school/Micronaut/jw_display_code
# Command line: vivado.exe -gui_launcher_event rodinguilauncherevent12352 C:\devspace\school\Micronaut\jw_display_code\zedboard.xpr
# Log file: C:/devspace/school/Micronaut/jw_display_code/vivado.log
# Journal file: C:/devspace/school/Micronaut/jw_display_code\vivado.jou
#-----------------------------------------------------------
start_gui
open_project C:/devspace/school/Micronaut/jw_display_code/zedboard.xpr
Scanning sources...
Finished scanning sources
INFO: [IP_Flow 19-234] Refreshing IP repositories
INFO: [IP_Flow 19-1704] No user IP repositories specified
INFO: [IP_Flow 19-2313] Loaded Vivado IP repository 'C:/Xilinx/Vivado/2018.1/data/ip'.
open_project: Time (s): cpu = 00:00:13 ; elapsed = 00:00:07 . Memory (MB): peak = 916.988 ; gain = 177.547
update_compile_order -fileset sources_1
exit
INFO: [Common 17-206] Exiting Vivado at Tue Apr 24 15:29:26 2018...
